<?xml version="1.0" encoding="UTF-8"?>
<!-- Generated by org.testng.reporters.JUnitXMLReporter -->
<testsuite ignored="0" hostname="LAPTOP-KA6JF9ON" failures="0" tests="4" name="Surefire test" time="8.801" errors="0" timestamp="2021-07-02T20:37:13 IST">
  <testcase classname="packone.OneTest" name="testoneA" time="4.99"/>
  <testcase classname="packone.OneTest" name="testoneB" time="0.0"/>
  <testcase classname="packone.TwoTest" name="testoneA" time="2.402"/>
  <testcase classname="packone.TwoTest" name="testoneB" time="0.0"/>
</testsuite> <!-- Surefire test -->
