<?xml version="1.0" encoding="UTF-8"?>
<testng-results ignored="0" total="4" passed="4" failed="0" skipped="0">
  <reporter-output>
  </reporter-output>
  <suite started-at="2021-07-02T20:37:04 IST" name="Surefire suite" finished-at="2021-07-02T20:37:13 IST" duration-ms="8801">
    <groups>
    </groups>
    <test started-at="2021-07-02T20:37:04 IST" name="Surefire test" finished-at="2021-07-02T20:37:13 IST" duration-ms="8801">
      <class name="packone.TwoTest">
        <test-method signature="testoneA()[pri:0, instance:packone.TwoTest@8297b3a]" started-at="2021-07-02T20:37:10 IST" name="testoneA" finished-at="2021-07-02T20:37:12 IST" duration-ms="2402" status="PASS">
          <reporter-output>
          </reporter-output>
        </test-method> <!-- testoneA -->
        <test-method is-config="true" signature="teardown()[pri:0, instance:packone.TwoTest@8297b3a]" started-at="2021-07-02T20:37:12 IST" name="teardown" finished-at="2021-07-02T20:37:13 IST" duration-ms="641" status="PASS">
          <reporter-output>
          </reporter-output>
        </test-method> <!-- teardown -->
        <test-method signature="testoneB()[pri:0, instance:packone.TwoTest@8297b3a]" started-at="2021-07-02T20:37:13 IST" name="testoneB" finished-at="2021-07-02T20:37:13 IST" duration-ms="0" status="PASS">
          <reporter-output>
          </reporter-output>
        </test-method> <!-- testoneB -->
        <test-method is-config="true" signature="teardown()[pri:0, instance:packone.TwoTest@8297b3a]" started-at="2021-07-02T20:37:13 IST" name="teardown" finished-at="2021-07-02T20:37:13 IST" duration-ms="0" status="PASS">
          <reporter-output>
          </reporter-output>
        </test-method> <!-- teardown -->
      </class> <!-- packone.TwoTest -->
      <class name="packone.OneTest">
        <test-method signature="testoneA()[pri:0, instance:packone.OneTest@2f4948e4]" started-at="2021-07-02T20:37:04 IST" name="testoneA" finished-at="2021-07-02T20:37:09 IST" duration-ms="4990" status="PASS">
          <reporter-output>
          </reporter-output>
        </test-method> <!-- testoneA -->
        <test-method is-config="true" signature="teardown()[pri:0, instance:packone.OneTest@2f4948e4]" started-at="2021-07-02T20:37:09 IST" name="teardown" finished-at="2021-07-02T20:37:10 IST" duration-ms="740" status="PASS">
          <reporter-output>
          </reporter-output>
        </test-method> <!-- teardown -->
        <test-method is-config="true" signature="teardown()[pri:0, instance:packone.OneTest@2f4948e4]" started-at="2021-07-02T20:37:10 IST" name="teardown" finished-at="2021-07-02T20:37:10 IST" duration-ms="4" status="PASS">
          <reporter-output>
          </reporter-output>
        </test-method> <!-- teardown -->
        <test-method signature="testoneB()[pri:0, instance:packone.OneTest@2f4948e4]" started-at="2021-07-02T20:37:10 IST" name="testoneB" finished-at="2021-07-02T20:37:10 IST" duration-ms="0" status="PASS">
          <reporter-output>
          </reporter-output>
        </test-method> <!-- testoneB -->
      </class> <!-- packone.OneTest -->
    </test> <!-- Surefire test -->
  </suite> <!-- Surefire suite -->
</testng-results>
